\BOOKMARK [1][-]{section.1}{Introdu\347\343o}{}% 1
\BOOKMARK [1][-]{section.2}{Formula\347\343o do Problema como Programa Inteiro}{}% 2
\BOOKMARK [1][-]{section.3}{O Algoritmo Gen\351tico}{}% 3
\BOOKMARK [2][-]{subsection.3.1}{Par\342metros}{section.3}% 4
\BOOKMARK [2][-]{subsection.3.2}{Codifica\347\343o de uma Solu\347\343o}{section.3}% 5
\BOOKMARK [2][-]{subsection.3.3}{Popula\347\343o Inicial}{section.3}% 6
\BOOKMARK [2][-]{subsection.3.4}{Sele\347\343o de Indiv\355duos para Crossover}{section.3}% 7
\BOOKMARK [2][-]{subsection.3.5}{Crossover}{section.3}% 8
\BOOKMARK [2][-]{subsection.3.6}{Muta\347\343o}{section.3}% 9
\BOOKMARK [2][-]{subsection.3.7}{Sele\347\343o da Nova Popula\347\343o}{section.3}% 10
\BOOKMARK [2][-]{subsection.3.8}{Crit\351rio de Parada}{section.3}% 11
\BOOKMARK [2][-]{subsection.3.9}{Pseudoc\363digo}{section.3}% 12
\BOOKMARK [2][-]{subsection.3.10}{Implementa\347\343o}{section.3}% 13
\BOOKMARK [3][-]{subsubsection.3.10.1}{Plataforma e Linguagem de Programa\347\343o}{subsection.3.10}% 14
\BOOKMARK [3][-]{subsubsection.3.10.2}{Estruturas de Dados}{subsection.3.10}% 15
\BOOKMARK [3][-]{subsubsection.3.10.3}{C\341lculo do fitness de um indiv\355duo}{subsection.3.10}% 16
\BOOKMARK [1][-]{section.4}{Resultados Num\351ricos}{}% 17
\BOOKMARK [2][-]{subsection.4.1}{Teste de Par\342metros}{section.4}% 18
\BOOKMARK [3][-]{subsubsection.4.1.1}{Etapa 1}{subsection.4.1}% 19
\BOOKMARK [3][-]{subsubsection.4.1.2}{Etapa 2}{subsection.4.1}% 20
\BOOKMARK [3][-]{subsubsection.4.1.3}{Etapa 3}{subsection.4.1}% 21
\BOOKMARK [3][-]{subsubsection.4.1.4}{Etapa 4}{subsection.4.1}% 22
\BOOKMARK [3][-]{subsubsection.4.1.5}{Etapa 5}{subsection.4.1}% 23
\BOOKMARK [2][-]{subsection.4.2}{Teste de inst\342ncias}{section.4}% 24
\BOOKMARK [3][-]{subsubsection.4.2.1}{Algoritmo Gen\351tico}{subsection.4.2}% 25
\BOOKMARK [3][-]{subsubsection.4.2.2}{Execu\347\343o com o solver}{subsection.4.2}% 26
\BOOKMARK [1][-]{section.5}{Conclus\343o}{}% 27
